000 (1054687.000.000) 11/10 14:36:26 Job submitted from host: <129.105.44.178:9618?addrs=129.105.44.178-9618+[2620-10d-2011-2010-1618-77ff-fe53-1b5c]-9618&noUDP&sock=33817_3a4a_4>
...
001 (1054687.000.000) 11/10 14:36:48 Job executing on host: <129.105.44.176:9618?addrs=129.105.44.176-9618+[2620-10d-2011-2010-b283-feff-fec2-8a65]-9618&noUDP&sock=3387764_e67d_3>
...
006 (1054687.000.000) 11/10 14:36:56 Image size of job updated: 16600
	17  -  MemoryUsage of job (MB)
	16468  -  ResidentSetSize of job (KB)
...
005 (1054687.000.000) 11/10 14:38:21 Job terminated.
	(1) Normal termination (return value 0)
		Usr 0 00:01:35, Sys 0 00:00:03  -  Run Remote Usage
		Usr 0 00:00:00, Sys 0 00:00:00  -  Run Local Usage
		Usr 0 00:01:35, Sys 0 00:00:03  -  Total Remote Usage
		Usr 0 00:00:00, Sys 0 00:00:00  -  Total Local Usage
	0  -  Run Bytes Sent By Job
	128  -  Run Bytes Received By Job
	0  -  Total Bytes Sent By Job
	128  -  Total Bytes Received By Job
	Partitionable Resources :    Usage  Request Allocated 
	   Cpus                 :     1.08        1         1 
	   Disk (KB)            :    78           1  13336475 
	   Memory (MB)          :    17           1       651 
...
